app/build/intermediates/manifest_merge_blame_file/debug/manifest-merger-blame-debug-report.txt
1<?xml version="1.0" encoding="utf-8"?>
2<manifest xmlns:android="http://schemas.android.com/apk/res/android"
3    package="com.daleelpackage.myapp"
4    android:versionCode="40"
5    android:versionName="1.0" >
6
7    <uses-sdk
7-->src\main\AndroidManifest.xml:6:5-70
8        android:minSdkVersion="17"
8-->src\main\AndroidManifest.xml:6:5-70
9        android:targetSdkVersion="30" />
9-->src\main\AndroidManifest.xml:6:5-70
10    <!-- for card.io card scanning -->
11    <uses-feature
11-->src\main\AndroidManifest.xml:8:5-10:36
12        android:name="android.hardware.camera"
12-->src\main\AndroidManifest.xml:9:9-47
13        android:required="false" />
13-->src\main\AndroidManifest.xml:10:9-33
14    <uses-feature
14-->src\main\AndroidManifest.xml:11:5-13:36
15        android:name="android.hardware.camera.autofocus"
15-->src\main\AndroidManifest.xml:12:9-57
16        android:required="false" />
16-->src\main\AndroidManifest.xml:13:9-33
17
18    <uses-permission android:name="android.permission.VIBRATE" />
18-->src\main\AndroidManifest.xml:15:5-66
18-->src\main\AndroidManifest.xml:15:22-63
19    <uses-permission android:name="com.android.vending.BILLING" />
19-->src\main\AndroidManifest.xml:16:5-67
19-->src\main\AndroidManifest.xml:16:22-64
20    <uses-permission android:name="android.permission.CAMERA" />
20-->src\main\AndroidManifest.xml:17:5-65
20-->src\main\AndroidManifest.xml:17:22-62
21    <uses-permission android:name="android.permission.INTERNET" />
21-->src\main\AndroidManifest.xml:18:5-67
21-->src\main\AndroidManifest.xml:18:22-64
22    <uses-permission android:name="android.permission.ACCESS_NETWORK_STATE" />
22-->src\main\AndroidManifest.xml:19:5-79
22-->src\main\AndroidManifest.xml:19:22-76
23    <uses-permission android:name="android.permission.READ_EXTERNAL_STORAGE" />
23-->src\main\AndroidManifest.xml:20:5-80
23-->src\main\AndroidManifest.xml:20:22-77
24    <uses-permission android:name="android.permission.ACCESS_WIFI_STATE" />
24-->src\main\AndroidManifest.xml:21:5-76
24-->src\main\AndroidManifest.xml:21:22-73
25    <uses-permission android:name="android.permission.CALL_PHONE" />
25-->src\main\AndroidManifest.xml:22:5-69
25-->src\main\AndroidManifest.xml:22:22-66
26    <uses-permission android:name="android.permission.ACCESS_FINE_LOCATION" />
26-->src\main\AndroidManifest.xml:23:5-79
26-->src\main\AndroidManifest.xml:23:22-76
27    <uses-permission android:name="android.permission.WRITE_EXTERNAL_STORAGE" />
27-->src\main\AndroidManifest.xml:24:5-81
27-->src\main\AndroidManifest.xml:24:22-78
28    <uses-permission android:name="android.permission.READ_PHONE_STATE" />
28-->src\main\AndroidManifest.xml:25:5-75
28-->src\main\AndroidManifest.xml:25:22-72
29    <uses-permission android:name="android.permission.ACCESS_COARSE_LOCATION" />
29-->src\main\AndroidManifest.xml:26:5-81
29-->src\main\AndroidManifest.xml:26:22-78
30
31    <uses-feature
31-->[com.google.android.gms:play-services-maps:17.0.0] AndroidManifest.xml:26:5-28:35
32        android:glEsVersion="0x00020000"
32-->[com.google.android.gms:play-services-maps:17.0.0] AndroidManifest.xml:27:9-41
33        android:required="true" /> <!-- Optional permission for Analytics to run. -->
33-->[com.google.android.gms:play-services-maps:17.0.0] AndroidManifest.xml:28:9-32
34    <uses-permission android:name="android.permission.WAKE_LOCK" />
34-->[com.google.android.gms:play-services-analytics:17.0.0] AndroidManifest.xml:27:5-68
34-->[com.google.android.gms:play-services-analytics:17.0.0] AndroidManifest.xml:27:22-65
35
36    <uses-feature
36-->[com.mapbox.mapboxsdk:mapbox-android-sdk:8.4.0] AndroidManifest.xml:12:5-14:36
37        android:name="android.hardware.wifi"
37-->[com.mapbox.mapboxsdk:mapbox-android-sdk:8.4.0] AndroidManifest.xml:13:9-45
38        android:required="false" /> <!-- Required by older versions of Google Play services to create IID tokens -->
38-->[com.mapbox.mapboxsdk:mapbox-android-sdk:8.4.0] AndroidManifest.xml:14:9-33
39    <uses-permission android:name="com.google.android.c2dm.permission.RECEIVE" />
39-->[com.google.firebase:firebase-iid:20.2.1] AndroidManifest.xml:26:5-82
39-->[com.google.firebase:firebase-iid:20.2.1] AndroidManifest.xml:26:22-79
40    <uses-permission android:name="com.google.android.finsky.permission.BIND_GET_INSTALL_REFERRER_SERVICE" />
40-->[com.google.android.gms:play-services-measurement:17.4.3] AndroidManifest.xml:26:5-110
40-->[com.google.android.gms:play-services-measurement:17.4.3] AndroidManifest.xml:26:22-107
41
42    <application
42-->src\main\AndroidManifest.xml:28:5-257:19
43        android:name="com.daleelpackage.myapp.App"
43-->src\main\AndroidManifest.xml:29:9-28
44        android:allowBackup="true"
44-->src\main\AndroidManifest.xml:30:9-35
45        android:appComponentFactory="androidx.core.app.CoreComponentFactory"
45-->[androidx.core:core:1.5.0-alpha05] AndroidManifest.xml:24:18-86
46        android:debuggable="true"
47        android:icon="@mipmap/ic_launcher"
47-->src\main\AndroidManifest.xml:31:9-43
48        android:label="@string/app_name"
48-->src\main\AndroidManifest.xml:32:9-41
49        android:largeHeap="true"
49-->src\main\AndroidManifest.xml:33:9-33
50        android:requestLegacyExternalStorage="true"
50-->src\main\AndroidManifest.xml:34:9-52
51        android:roundIcon="@mipmap/ic_launcher_round"
51-->src\main\AndroidManifest.xml:35:9-54
52        android:screenOrientation="portrait"
52-->src\main\AndroidManifest.xml:36:9-45
53        android:supportsRtl="true"
53-->src\main\AndroidManifest.xml:37:9-35
54        android:theme="@style/AppTheme"
54-->src\main\AndroidManifest.xml:38:9-40
55        android:usesCleartextTraffic="true" >
55-->src\main\AndroidManifest.xml:39:9-44
56        <activity android:name="com.daleelpackage.myapp.packages.AuthorizeNet" />
56-->src\main\AndroidManifest.xml:40:9-59
56-->src\main\AndroidManifest.xml:40:19-56
57        <activity android:name="com.daleelpackage.myapp.LinkedIn.LinkedInAuthenticationActivity" />
57-->src\main\AndroidManifest.xml:41:9-77
57-->src\main\AndroidManifest.xml:41:19-74
58        <activity
58-->src\main\AndroidManifest.xml:42:9-44:59
59            android:name="com.daleelpackage.myapp.packages.WorldPayIntegration"
59-->src\main\AndroidManifest.xml:43:13-57
60            android:theme="@style/AppTheme.NoActionBar" />
60-->src\main\AndroidManifest.xml:44:13-56
61        <activity android:name="com.daleelpackage.myapp.packages.PayHereIntegration" />
61-->src\main\AndroidManifest.xml:45:9-65
61-->src\main\AndroidManifest.xml:45:19-62
62        <activity
62-->src\main\AndroidManifest.xml:46:9-48:59
63            android:name="com.daleelpackage.myapp.packages.PayStack"
63-->src\main\AndroidManifest.xml:47:13-46
64            android:theme="@style/AppTheme.NoActionBar" />
64-->src\main\AndroidManifest.xml:48:13-56
65        <activity
65-->src\main\AndroidManifest.xml:49:9-53:55
66            android:name="com.daleelpackage.myapp.home.ChooseLanguageActivity"
66-->src\main\AndroidManifest.xml:50:13-56
67            android:screenOrientation="nosensor"
67-->src\main\AndroidManifest.xml:51:13-49
68            android:theme="@style/AppTheme.NoActionBar"
68-->src\main\AndroidManifest.xml:52:13-56
69            android:windowSoftInputMode="adjustPan" />
69-->src\main\AndroidManifest.xml:53:13-52
70        <activity
70-->src\main\AndroidManifest.xml:54:9-62:20
71            android:name="com.daleelpackage.myapp.SplashScreen"
71-->src\main\AndroidManifest.xml:55:13-41
72            android:screenOrientation="nosensor" >
72-->src\main\AndroidManifest.xml:56:13-49
73            <intent-filter>
73-->src\main\AndroidManifest.xml:57:13-61:29
74                <action android:name="android.intent.action.MAIN" />
74-->src\main\AndroidManifest.xml:58:17-69
74-->src\main\AndroidManifest.xml:58:25-66
75
76                <category android:name="android.intent.category.LAUNCHER" />
76-->src\main\AndroidManifest.xml:60:17-77
76-->src\main\AndroidManifest.xml:60:27-74
77            </intent-filter>
78        </activity>
79        <activity
79-->src\main\AndroidManifest.xml:63:9-65:52
80            android:name="com.daleelpackage.myapp.signinorup.MainActivity"
80-->src\main\AndroidManifest.xml:64:13-52
81            android:screenOrientation="nosensor" />
81-->src\main\AndroidManifest.xml:65:13-49
82        <activity
82-->src\main\AndroidManifest.xml:66:9-69:48
83            android:name="com.facebook.FacebookActivity"
83-->src\main\AndroidManifest.xml:67:13-57
84            android:configChanges="keyboard|keyboardHidden|screenLayout|screenSize|orientation"
84-->src\main\AndroidManifest.xml:68:13-96
85            android:label="@string/app_name"
85-->src\main\AndroidManifest.xml:69:13-45
86            android:theme="@style/com_facebook_activity_theme" />
86-->[com.facebook.android:facebook-common:7.0.0] AndroidManifest.xml:33:13-63
87        <activity
87-->src\main\AndroidManifest.xml:70:9-81:20
88            android:name="com.facebook.CustomTabActivity"
88-->src\main\AndroidManifest.xml:71:13-58
89            android:exported="true" >
89-->src\main\AndroidManifest.xml:72:13-36
90            <intent-filter>
90-->src\main\AndroidManifest.xml:73:13-80:29
91                <action android:name="android.intent.action.VIEW" />
91-->src\main\AndroidManifest.xml:74:17-69
91-->src\main\AndroidManifest.xml:74:25-66
92
93                <category android:name="android.intent.category.DEFAULT" />
93-->src\main\AndroidManifest.xml:76:17-76
93-->src\main\AndroidManifest.xml:76:27-73
94                <category android:name="android.intent.category.BROWSABLE" />
94-->src\main\AndroidManifest.xml:77:17-78
94-->src\main\AndroidManifest.xml:77:27-75
95
96                <data android:scheme="@string/fb_login_protocol_scheme" />
96-->src\main\AndroidManifest.xml:79:17-75
96-->src\main\AndroidManifest.xml:79:23-72
97            </intent-filter>
98            <intent-filter>
98-->[com.facebook.android:facebook-common:7.0.0] AndroidManifest.xml:39:13-48:29
99                <action android:name="android.intent.action.VIEW" />
99-->src\main\AndroidManifest.xml:74:17-69
99-->src\main\AndroidManifest.xml:74:25-66
100
101                <category android:name="android.intent.category.DEFAULT" />
101-->src\main\AndroidManifest.xml:76:17-76
101-->src\main\AndroidManifest.xml:76:27-73
102                <category android:name="android.intent.category.BROWSABLE" />
102-->src\main\AndroidManifest.xml:77:17-78
102-->src\main\AndroidManifest.xml:77:27-75
103
104                <data
104-->src\main\AndroidManifest.xml:79:17-75
105                    android:host="cct.com.daleelpackage.myapp"
106                    android:scheme="fbconnect" />
106-->src\main\AndroidManifest.xml:79:23-72
107            </intent-filter>
108        </activity>
109        <activity
109-->src\main\AndroidManifest.xml:82:9-93:20
110            android:name="com.daleelpackage.myapp.home.HomeActivity"
110-->src\main\AndroidManifest.xml:83:13-46
111            android:screenOrientation="nosensor"
111-->src\main\AndroidManifest.xml:84:13-49
112            android:theme="@style/AppTheme.NoActionBar"
112-->src\main\AndroidManifest.xml:85:13-56
113            android:uiOptions="splitActionBarWhenNarrow"
113-->src\main\AndroidManifest.xml:86:13-57
114            android:windowSoftInputMode="adjustPan" >
114-->src\main\AndroidManifest.xml:87:13-52
115            <intent-filter>
115-->src\main\AndroidManifest.xml:88:13-92:29
116                <action android:name="android.intent.action.SEND" />
116-->src\main\AndroidManifest.xml:89:17-69
116-->src\main\AndroidManifest.xml:89:25-66
117
118                <category android:name="android.intent.category.DEFAULT" />
118-->src\main\AndroidManifest.xml:76:17-76
118-->src\main\AndroidManifest.xml:76:27-73
119            </intent-filter>
120        </activity>
121        <activity
121-->src\main\AndroidManifest.xml:94:9-102:20
122            android:name="com.daleelpackage.myapp.Search.SearchActivity"
122-->src\main\AndroidManifest.xml:95:13-50
123            android:screenOrientation="nosensor"
123-->src\main\AndroidManifest.xml:96:13-49
124            android:theme="@style/AppTheme.NoActionBar"
124-->src\main\AndroidManifest.xml:97:13-56
125            android:windowSoftInputMode="adjustPan" >
125-->src\main\AndroidManifest.xml:98:13-52
126            <meta-data
126-->src\main\AndroidManifest.xml:99:13-101:77
127                android:name="android.support.PARENT_ACTIVITY"
127-->src\main\AndroidManifest.xml:100:17-63
128                android:value="com.daleelpackage.myapp.home.HomeActivity" />
128-->src\main\AndroidManifest.xml:101:17-74
129        </activity>
130        <activity
130-->src\main\AndroidManifest.xml:103:9-110:20
131            android:name="com.daleelpackage.myapp.messages.Message"
131-->src\main\AndroidManifest.xml:104:13-45
132            android:screenOrientation="nosensor"
132-->src\main\AndroidManifest.xml:105:13-49
133            android:theme="@style/AppTheme.NoActionBar" >
133-->src\main\AndroidManifest.xml:106:13-56
134            <meta-data
134-->src\main\AndroidManifest.xml:99:13-101:77
135                android:name="android.support.PARENT_ACTIVITY"
135-->src\main\AndroidManifest.xml:100:17-63
136                android:value="com.daleelpackage.myapp.home.HomeActivity" />
136-->src\main\AndroidManifest.xml:101:17-74
137        </activity>
138        <activity
138-->src\main\AndroidManifest.xml:111:9-119:20
139            android:name="com.daleelpackage.myapp.messages.ChatActivity"
139-->src\main\AndroidManifest.xml:112:13-50
140            android:parentActivityName="com.daleelpackage.myapp.messages.Message"
140-->src\main\AndroidManifest.xml:113:13-59
141            android:screenOrientation="nosensor"
141-->src\main\AndroidManifest.xml:114:13-49
142            android:theme="@style/AppTheme.NoActionBar" >
142-->src\main\AndroidManifest.xml:115:13-56
143            <meta-data
143-->src\main\AndroidManifest.xml:99:13-101:77
144                android:name="android.support.PARENT_ACTIVITY"
144-->src\main\AndroidManifest.xml:100:17-63
145                android:value="com.daleelpackage.myapp.messages.Message" />
145-->src\main\AndroidManifest.xml:101:17-74
146        </activity>
147        <activity
147-->src\main\AndroidManifest.xml:120:9-128:20
148            android:name="com.daleelpackage.myapp.home.AddNewAdPost"
148-->src\main\AndroidManifest.xml:121:13-46
149            android:parentActivityName="com.daleelpackage.myapp.home.HomeActivity"
149-->src\main\AndroidManifest.xml:122:13-60
150            android:screenOrientation="nosensor"
150-->src\main\AndroidManifest.xml:123:13-49
151            android:theme="@style/AppTheme.NoActionBar" >
151-->src\main\AndroidManifest.xml:124:13-56
152            <meta-data
152-->src\main\AndroidManifest.xml:99:13-101:77
153                android:name="android.support.PARENT_ACTIVITY"
153-->src\main\AndroidManifest.xml:100:17-63
154                android:value="com.daleelpackage.myapp.home.HomeActivity" />
154-->src\main\AndroidManifest.xml:101:17-74
155        </activity>
156        <activity
156-->src\main\AndroidManifest.xml:129:9-137:20
157            android:name="com.daleelpackage.myapp.home.EditAdPost"
157-->src\main\AndroidManifest.xml:130:13-44
158            android:parentActivityName="com.daleelpackage.myapp.home.HomeActivity"
158-->src\main\AndroidManifest.xml:131:13-60
159            android:screenOrientation="nosensor"
159-->src\main\AndroidManifest.xml:132:13-49
160            android:theme="@style/AppTheme.NoActionBar" >
160-->src\main\AndroidManifest.xml:133:13-56
161            <meta-data
161-->src\main\AndroidManifest.xml:99:13-101:77
162                android:name="android.support.PARENT_ACTIVITY"
162-->src\main\AndroidManifest.xml:100:17-63
163                android:value="com.daleelpackage.myapp.home.HomeActivity" />
163-->src\main\AndroidManifest.xml:101:17-74
164        </activity>
165        <activity
165-->src\main\AndroidManifest.xml:138:9-141:72
166            android:name="com.daleelpackage.myapp.packages.Thankyou"
166-->src\main\AndroidManifest.xml:139:13-46
167            android:screenOrientation="nosensor"
167-->src\main\AndroidManifest.xml:140:13-49
168            android:theme="@style/Theme.AppCompat.Light.NoActionBar" />
168-->src\main\AndroidManifest.xml:141:13-69
169        <activity
169-->src\main\AndroidManifest.xml:142:9-151:20
170            android:name="com.daleelpackage.myapp.ad_detail.Ad_detail_activity"
170-->src\main\AndroidManifest.xml:143:13-57
171            android:parentActivityName="com.daleelpackage.myapp.home.HomeActivity"
171-->src\main\AndroidManifest.xml:144:13-60
172            android:screenOrientation="nosensor"
172-->src\main\AndroidManifest.xml:145:13-49
173            android:theme="@style/AppTheme.NoActionBar"
173-->src\main\AndroidManifest.xml:146:13-56
174            android:windowSoftInputMode="adjustPan" >
174-->src\main\AndroidManifest.xml:147:13-52
175            <meta-data
175-->src\main\AndroidManifest.xml:99:13-101:77
176                android:name="android.support.PARENT_ACTIVITY"
176-->src\main\AndroidManifest.xml:100:17-63
177                android:value="com.daleelpackage.myapp.home.HomeActivity" />
177-->src\main\AndroidManifest.xml:101:17-74
178        </activity>
179        <activity
179-->src\main\AndroidManifest.xml:152:9-154:52
180            android:name="com.daleelpackage.myapp.packages.StripePayment"
180-->src\main\AndroidManifest.xml:153:13-51
181            android:screenOrientation="nosensor" />
181-->src\main\AndroidManifest.xml:154:13-49
182        <activity
182-->src\main\AndroidManifest.xml:155:9-157:52
183            android:name="com.daleelpackage.myapp.packages.InAppPurchaseActivity"
183-->src\main\AndroidManifest.xml:156:13-59
184            android:screenOrientation="nosensor" />
184-->src\main\AndroidManifest.xml:157:13-49
185        <activity
185-->src\main\AndroidManifest.xml:158:9-166:20
186            android:name="com.daleelpackage.myapp.Shop.shopActivity"
186-->src\main\AndroidManifest.xml:159:13-46
187            android:screenOrientation="nosensor"
187-->src\main\AndroidManifest.xml:160:13-49
188            android:theme="@style/AppTheme.NoActionBar"
188-->src\main\AndroidManifest.xml:161:13-56
189            android:windowSoftInputMode="adjustPan" >
189-->src\main\AndroidManifest.xml:162:13-52
190            <meta-data
190-->src\main\AndroidManifest.xml:99:13-101:77
191                android:name="android.support.PARENT_ACTIVITY"
191-->src\main\AndroidManifest.xml:100:17-63
192                android:value="com.daleelpackage.myapp.home.HomeActivity" />
192-->src\main\AndroidManifest.xml:101:17-74
193        </activity>
194        <activity
194-->src\main\AndroidManifest.xml:167:9-173:20
195            android:name="com.daleelpackage.myapp.Settings.Settings"
195-->src\main\AndroidManifest.xml:168:13-46
196            android:screenOrientation="nosensor" >
196-->src\main\AndroidManifest.xml:169:13-49
197            <meta-data
197-->src\main\AndroidManifest.xml:99:13-101:77
198                android:name="android.support.PARENT_ACTIVITY"
198-->src\main\AndroidManifest.xml:100:17-63
199                android:value="com.daleelpackage.myapp.home.HomeActivity" />
199-->src\main\AndroidManifest.xml:101:17-74
200        </activity>
201        <activity
201-->src\main\AndroidManifest.xml:174:9-177:72
202            android:name="com.daleelpackage.myapp.ad_detail.full_screen_image.FullScreenViewActivity"
202-->src\main\AndroidManifest.xml:175:13-79
203            android:screenOrientation="nosensor"
203-->src\main\AndroidManifest.xml:176:13-49
204            android:theme="@style/Theme.AppCompat.Light.NoActionBar" />
204-->src\main\AndroidManifest.xml:177:13-69
205        <activity android:name="com.paypal.android.sdk.payments.PaymentActivity" />
205-->src\main\AndroidManifest.xml:178:9-84
205-->src\main\AndroidManifest.xml:178:19-81
206        <activity android:name="com.paypal.android.sdk.payments.LoginActivity" />
206-->src\main\AndroidManifest.xml:179:9-82
206-->src\main\AndroidManifest.xml:179:19-79
207        <activity android:name="com.paypal.android.sdk.payments.PaymentMethodActivity" />
207-->src\main\AndroidManifest.xml:180:9-90
207-->src\main\AndroidManifest.xml:180:19-87
208        <activity android:name="com.paypal.android.sdk.payments.PaymentConfirmActivity" /> <!-- Full screen image Viewer -->
208-->src\main\AndroidManifest.xml:181:9-91
208-->src\main\AndroidManifest.xml:181:19-88
209        <meta-data
209-->src\main\AndroidManifest.xml:182:9-184:52
210            android:name="com.google.android.gms.ads.APPLICATION_ID"
210-->src\main\AndroidManifest.xml:183:13-69
211            android:value="@string/Admob_app_id" /> <!-- Google Analytcis -->
211-->src\main\AndroidManifest.xml:184:13-49
212        <meta-data
212-->src\main\AndroidManifest.xml:185:9-187:69
213            android:name="com.google.android.gms.version"
213-->src\main\AndroidManifest.xml:186:13-58
214            android:value="@integer/google_play_services_version" />
214-->src\main\AndroidManifest.xml:187:13-66
215        <meta-data
215-->src\main\AndroidManifest.xml:188:9-190:71
216            android:name="com.google.android.geo.API_KEY"
216-->src\main\AndroidManifest.xml:189:13-58
217            android:value="AIzaSyCe9Y9ajcXSjus__V9wpWK2fxq7-B0qM-w" />
217-->src\main\AndroidManifest.xml:190:13-68
218        <meta-data
218-->src\main\AndroidManifest.xml:191:9-193:55
219            android:name="com.facebook.sdk.ApplicationId"
219-->src\main\AndroidManifest.xml:192:13-58
220            android:value="@string/facebook_app_id" />
220-->src\main\AndroidManifest.xml:193:13-52
221
222        <receiver
222-->src\main\AndroidManifest.xml:195:9-201:20
223            android:name="com.google.android.gms.analytics.AnalyticsReceiver"
223-->src\main\AndroidManifest.xml:196:13-78
224            android:enabled="true"
224-->src\main\AndroidManifest.xml:197:13-35
225            android:exported="false" >
225-->[com.google.android.gms:play-services-analytics:17.0.0] AndroidManifest.xml:33:13-37
226            <intent-filter>
226-->src\main\AndroidManifest.xml:198:13-200:29
227                <action android:name="com.google.android.gms.analytics.ANALYTICS_DISPATCH" />
227-->src\main\AndroidManifest.xml:199:17-94
227-->src\main\AndroidManifest.xml:199:25-91
228            </intent-filter>
229        </receiver> <!-- Google Analytics -->
230        <!-- Firebase Notifications -->
231        <receiver
231-->src\main\AndroidManifest.xml:203:9-209:20
232            android:name="com.google.android.gms.analytics.CampaignTrackingReceiver"
232-->src\main\AndroidManifest.xml:204:13-85
233            android:exported="true" >
233-->src\main\AndroidManifest.xml:205:13-36
234            <intent-filter>
234-->src\main\AndroidManifest.xml:206:13-208:29
235                <action android:name="com.android.vending.INSTALL_REFERRER" />
235-->src\main\AndroidManifest.xml:207:17-79
235-->src\main\AndroidManifest.xml:207:25-76
236            </intent-filter>
237        </receiver> <!-- <service -->
238        <!-- android:name=".Notification.MyFirebaseInstanceIDService" -->
239        <!-- &gt; -->
240        <!-- <intent-filter> -->
241        <!-- <action android:name="com.google.firebase.MESSAGING_EVENT"/> -->
242        <!-- </intent-filter> -->
243        <!-- </service> &lt;!&ndash; ./Firebase Notifications &ndash;&gt; -->
244        <!-- PayPal -->
245        <receiver android:name="com.daleelpackage.myapp.utills.NoInternet.NetwordStateManager" >
245-->src\main\AndroidManifest.xml:217:9-222:20
245-->src\main\AndroidManifest.xml:217:19-72
246            <intent-filter>
246-->src\main\AndroidManifest.xml:218:13-221:29
247                <action android:name="android.net.conn.CONNECTIVITY_CHANGE" />
247-->src\main\AndroidManifest.xml:219:17-79
247-->src\main\AndroidManifest.xml:219:25-76
248                <action android:name="android.net.wifi.WIFI_STATE_CHANGED" />
248-->src\main\AndroidManifest.xml:220:17-78
248-->src\main\AndroidManifest.xml:220:25-75
249            </intent-filter>
250        </receiver>
251
252        <service
252-->src\main\AndroidManifest.xml:224:9-227:40
253            android:name="com.google.android.gms.analytics.AnalyticsService"
253-->src\main\AndroidManifest.xml:225:13-77
254            android:enabled="true"
254-->src\main\AndroidManifest.xml:226:13-35
255            android:exported="false" />
255-->src\main\AndroidManifest.xml:227:13-37
256        <service android:name="com.google.android.gms.analytics.CampaignTrackingService" />
256-->src\main\AndroidManifest.xml:228:9-92
256-->src\main\AndroidManifest.xml:228:18-89
257        <service
257-->src\main\AndroidManifest.xml:229:9-235:19
258            android:name="com.daleelpackage.myapp.Notification.MyFirebaseMessagingService"
258-->src\main\AndroidManifest.xml:230:13-68
259            android:exported="false" >
259-->src\main\AndroidManifest.xml:231:13-37
260            <intent-filter>
260-->src\main\AndroidManifest.xml:232:13-234:29
261                <action android:name="com.google.firebase.MESSAGING_EVENT" />
261-->src\main\AndroidManifest.xml:233:17-78
261-->src\main\AndroidManifest.xml:233:25-75
262            </intent-filter>
263        </service>
264        <service
264-->src\main\AndroidManifest.xml:236:9-238:40
265            android:name="com.paypal.android.sdk.payments.PayPalService"
265-->src\main\AndroidManifest.xml:237:13-73
266            android:exported="false" /> <!-- <activity -->
266-->src\main\AndroidManifest.xml:238:13-37
267        <!-- android:name="io.card.payment.CardIOActivity" -->
268        <!-- android:configChanges="keyboardHidden|orientation" /> -->
269        <!-- <activity android:name="io.card.payment.DataEntryActivity" /> -->
270        <!-- PayPal -->
271        <uses-library
271-->src\main\AndroidManifest.xml:243:9-245:40
272            android:name="org.apache.http.legacy"
272-->src\main\AndroidManifest.xml:244:13-50
273            android:required="false" />
273-->src\main\AndroidManifest.xml:245:13-37
274
275        <provider
276            android:name="androidx.core.content.FileProvider"
276-->src\main\AndroidManifest.xml:248:13-62
277            android:authorities="com.daleelpackage.myapp.provider"
277-->src\main\AndroidManifest.xml:249:13-60
278            android:exported="false"
278-->src\main\AndroidManifest.xml:250:13-37
279            android:grantUriPermissions="true" >
279-->src\main\AndroidManifest.xml:251:13-47
280
281            <!-- &lt;!&ndash;            <meta-data&ndash;&gt; -->
282            <!-- &lt;!&ndash;                android:name="android.support.FILE_PROVIDER_PATHS"&ndash;&gt; -->
283            <!-- &lt;!&ndash;                android:resource="@xml/provider_paths" />&ndash;&gt; -->
284            <meta-data
284-->[com.opensooq.supernova:gligar:1.1.0] AndroidManifest.xml:27:13-29:54
285                android:name="android.support.FILE_PROVIDER_PATHS"
285-->[com.opensooq.supernova:gligar:1.1.0] AndroidManifest.xml:28:17-67
286                android:resource="@xml/file_paths" />
286-->[com.opensooq.supernova:gligar:1.1.0] AndroidManifest.xml:29:17-51
287        </provider>
288
289        <activity
289-->[com.mapbox.mapboxsdk:mapbox-android-plugin-places-v8:0.9.0] AndroidManifest.xml:10:9-14:68
290            android:name="com.mapbox.mapboxsdk.plugins.places.autocomplete.ui.PlaceAutocompleteActivity"
290-->[com.mapbox.mapboxsdk:mapbox-android-plugin-places-v8:0.9.0] AndroidManifest.xml:11:13-105
291            android:configChanges="keyboard|keyboardHidden|orientation|screenLayout|uiMode|screenSize|smallestScreenSize"
291-->[com.mapbox.mapboxsdk:mapbox-android-plugin-places-v8:0.9.0] AndroidManifest.xml:12:13-122
292            android:theme="@style/mapbox_plugins_translucent"
292-->[com.mapbox.mapboxsdk:mapbox-android-plugin-places-v8:0.9.0] AndroidManifest.xml:13:13-62
293            android:windowSoftInputMode="stateVisible|adjustPan" />
293-->[com.mapbox.mapboxsdk:mapbox-android-plugin-places-v8:0.9.0] AndroidManifest.xml:14:13-65
294        <activity
294-->[com.mapbox.mapboxsdk:mapbox-android-plugin-places-v8:0.9.0] AndroidManifest.xml:15:9-17:125
295            android:name="com.mapbox.mapboxsdk.plugins.places.picker.ui.PlacePickerActivity"
295-->[com.mapbox.mapboxsdk:mapbox-android-plugin-places-v8:0.9.0] AndroidManifest.xml:16:13-93
296            android:configChanges="keyboard|keyboardHidden|orientation|screenLayout|uiMode|screenSize|smallestScreenSize" />
296-->[com.mapbox.mapboxsdk:mapbox-android-plugin-places-v8:0.9.0] AndroidManifest.xml:17:13-122
297        <activity android:name="com.facebook.CustomTabMainActivity" />
297-->[com.facebook.android:facebook-common:7.0.0] AndroidManifest.xml:34:9-71
297-->[com.facebook.android:facebook-common:7.0.0] AndroidManifest.xml:34:19-68
298        <activity
298-->[com.google.android.libraries.places:places:2.1.0] AndroidManifest.xml:14:9-20:20
299            android:name="com.google.android.libraries.places.widget.AutocompleteActivity"
299-->[com.google.android.libraries.places:places:2.1.0] AndroidManifest.xml:15:13-91
300            android:exported="false"
300-->[com.google.android.libraries.places:places:2.1.0] AndroidManifest.xml:16:13-37
301            android:label="@string/places_autocomplete_label"
301-->[com.google.android.libraries.places:places:2.1.0] AndroidManifest.xml:17:13-62
302            android:theme="@style/PlacesAutocompleteOverlay"
302-->[com.google.android.libraries.places:places:2.1.0] AndroidManifest.xml:18:13-61
303            android:windowSoftInputMode="adjustResize" >
303-->[com.google.android.libraries.places:places:2.1.0] AndroidManifest.xml:19:13-55
304        </activity>
305        <activity
305-->[com.braintreepayments.api:drop-in:3.7.1] AndroidManifest.xml:18:9-20:62
306            android:name="com.braintreepayments.api.threedsecure.ThreeDSecureWebViewActivity"